#
# A fatal error has been detected by the Java Runtime Environment:
#
#  EXCEPTION_ACCESS_VIOLATION (0xc0000005) at pc=0x6123245f, pid=2416, tid=3676
#
# JRE version: 7.0_25-b17
# Java VM: Java HotSpot(TM) Client VM (23.25-b01 mixed mode windows-x86 )
# Problematic frame:
# V  [jvm.dll+0x6245f]
#
# Failed to write core dump. Minidumps are not enabled by default on client versions of Windows
#
# If you would like to submit a bug report, please visit:
#   http://bugreport.sun.com/bugreport/crash.jsp
#

---------------  T H R E A D  ---------------

Current thread (0x017c9c00):  VMThread [stack: 0x179b0000,0x17a00000] [id=3676]

siginfo: ExceptionCode=0xc0000005, reading address 0x01000290

Registers:
EAX=0x00010000, EBX=0x137df2c0, ECX=0x01000284, EDX=0x03c3364c
ESP=0x179ff44c, EBP=0x179ff45c, ESI=0x011becf8, EDI=0x00010000
EIP=0x6123245f, EFLAGS=0x00010293

Top of Stack: (sp=0x179ff44c)
0x179ff44c:   179ff5ac 03c33628 137df2c0 011becf8
0x179ff45c:   179ff47c 61254703 00010000 179ff5ac
0x179ff46c:   03c335f0 03c335f0 137df2c8 137df150
0x179ff47c:   179ff49c 6125cfa7 03c335f0 03c3364c
0x179ff48c:   03c4aa00 03c335f0 179ff5ac 137df150
0x179ff49c:   179ff4bc 61240913 03c335f0 179ff5ac
0x179ff4ac:   011becf8 179ff5ac 00000000 016e5af8
0x179ff4bc:   179ff4d0 612319dd 179ff5ac 011bff48 

Instructions: (pc=0x6123245f)
0x6123243f:   5f 5e 5b 5d c2 04 00 cc cc cc cc cc cc cc cc cc
0x6123244f:   cc 55 8b ec 51 53 56 57 8b 7d 08 8b f1 8b 4f 04
0x6123245f:   8b 41 0c 83 c1 08 89 75 fc 85 c0 7e 09 a8 01 75
0x6123246f:   30 c1 f8 02 eb 33 79 29 8b 5f 08 8b 15 ac fe 4b 


Register to memory mapping:

EAX=0x00010000 is an unknown value
EBX=0x137df2c0 is an oop
{instance class} 
 - klass: {other class}
ECX=0x01000284 is an unknown value
EDX=0x03c3364c is an oop
java.lang.Class 
 - klass: 'java/lang/Class'
ESP=0x179ff44c is an unknown value
EBP=0x179ff45c is an unknown value
ESI=0x011becf8 is an unknown value
EDI=0x00010000 is an unknown value


Stack: [0x179b0000,0x17a00000],  sp=0x179ff44c,  free space=317k
Native frames: (J=compiled Java code, j=interpreted, Vv=VM code, C=native code)
V  [jvm.dll+0x6245f]
V  [jvm.dll+0x84703]
V  [jvm.dll+0x8cfa7]
V  [jvm.dll+0x70913]
V  [jvm.dll+0x619dd]
V  [jvm.dll+0x6773c]
V  [jvm.dll+0x61df7]
V  [jvm.dll+0x68742]
V  [jvm.dll+0x5fdd3]
V  [jvm.dll+0x16ff76]
V  [jvm.dll+0x149235]
V  [jvm.dll+0x1483ae]
V  [jvm.dll+0x148737]
V  [jvm.dll+0x148c02]
V  [jvm.dll+0x177bb9]
C  [msvcr100.dll+0x5c6de]  endthreadex+0x3a
C  [msvcr100.dll+0x5c788]  endthreadex+0xe4
C  [kernel32.dll+0x51174]  BaseThreadInitThunk+0x12
C  [ntdll.dll+0x5b3f5]  RtlInitializeExceptionChain+0x63
C  [ntdll.dll+0x5b3c8]  RtlInitializeExceptionChain+0x36

VM_Operation (0x1883dd54): GenCollectForAllocation, mode: safepoint, requested by thread 0x17f50800


---------------  P R O C E S S  ---------------

Java Threads: ( => current thread )
  0x182a8800 JavaThread "TimerQueue" daemon [_thread_blocked, id=2280, stack(0x1a9f0000,0x1aa40000)]
  0x182ac400 JavaThread "D3D Screen Updater" daemon [_thread_blocked, id=3036, stack(0x1b490000,0x1b4e0000)]
  0x181e0000 JavaThread "Image Fetcher 1" daemon [_thread_blocked, id=996, stack(0x1aaa0000,0x1aaf0000)]
  0x18025c00 JavaThread "Image Fetcher 0" daemon [_thread_blocked, id=1208, stack(0x18790000,0x187e0000)]
  0x011bac00 JavaThread "DestroyJavaVM" [_thread_blocked, id=3568, stack(0x01110000,0x01160000)]
  0x17f50800 JavaThread "AWT-EventQueue-0" [_thread_blocked, id=3092, stack(0x187f0000,0x18840000)]
  0x17f48c00 JavaThread "AWT-Windows" daemon [_thread_blocked, id=632, stack(0x185b0000,0x18600000)]
  0x17f48400 JavaThread "AWT-Shutdown" [_thread_blocked, id=1580, stack(0x184a0000,0x184f0000)]
  0x17bd8c00 JavaThread "Java2D Disposer" daemon [_thread_blocked, id=3968, stack(0x18410000,0x18460000)]
  0x17a65400 JavaThread "Service Thread" daemon [_thread_blocked, id=1060, stack(0x17de0000,0x17e30000)]
  0x17a61c00 JavaThread "C1 CompilerThread0" daemon [_thread_blocked, id=3032, stack(0x17ef0000,0x17f40000)]
  0x17a5ec00 JavaThread "Attach Listener" daemon [_thread_blocked, id=2484, stack(0x17e60000,0x17eb0000)]
  0x17a5b800 JavaThread "Signal Dispatcher" daemon [_thread_blocked, id=2604, stack(0x17ce0000,0x17d30000)]
  0x17a04800 JavaThread "Finalizer" daemon [_thread_blocked, id=2368, stack(0x17d50000,0x17da0000)]
  0x017cf000 JavaThread "Reference Handler" daemon [_thread_blocked, id=2884, stack(0x17c00000,0x17c50000)]

Other Threads:
=>0x017c9c00 VMThread [stack: 0x179b0000,0x17a00000] [id=3676]
  0x17a90000 WatcherThread [stack: 0x17c60000,0x17cb0000] [id=2768]

VM state:at safepoint (normal execution)

VM Mutex/Monitor currently owned by a thread:  ([mutex/lock_event])
[0x011b8ec0] Threads_lock - owner thread: 0x017c9c00
[0x011b92d0] Heap_lock - owner thread: 0x17f50800

Heap
 def new generation   total 4928K, used 4541K [0x037d0000, 0x03d20000, 0x08d20000)
  eden space 4416K,  91% used [0x037d0000, 0x03bbf6f8, 0x03c20000)
  from space 512K, 100% used [0x03ca0000, 0x03d20000, 0x03d20000)
  to   space 512K,  48% used [0x03c20000, 0x03c5e768, 0x03ca0000)
 tenured generation   total 10944K, used 1083K [0x08d20000, 0x097d0000, 0x137d0000)
   the space 10944K,   9% used [0x08d20000, 0x08e2eef0, 0x08e2f000, 0x097d0000)
 compacting perm gen  total 12288K, used 9809K [0x137d0000, 0x143d0000, 0x177d0000)
   the space 12288K,  79% used [0x137d0000, 0x14164720, 0x14164800, 0x143d0000)
No shared spaces configured.

Card table byte_map: [0x177d0000,0x17880000] byte_map_base: 0x177b4180

Polling page: 0x00140000

Code Cache  [0x017d0000, 0x018d8000, 0x037d0000)
 total_blobs=469 nmethods=233 adapters=171 free_code_cache=31733Kb largest_free_block=32495232

Compilation events (10 events):
Event: 3.891 Thread 0x17a61c00 nmethod 230 0x018d0f88 code [0x018d1090, 0x018d114c]
Event: 3.892 Thread 0x17a61c00  231             sun.font.FontDesignMetrics::stringWidth (154 bytes)
Event: 3.893 Thread 0x17a61c00 nmethod 231 0x018d11c8 code [0x018d13a0, 0x018d187c]
Event: 3.893 Thread 0x17a61c00  232             sun.font.FontDesignMetrics::getLatinCharWidth (29 bytes)
Event: 3.893 Thread 0x17a61c00 nmethod 232 0x018d1f48 code [0x018d2070, 0x018d217c]
Event: 3.900 Thread 0x17a61c00  233             javax.swing.GroupLayout$Group::getSpringSize (62 bytes)
Event: 3.900 Thread 0x17a61c00 nmethod 233 0x018d22c8 code [0x018d23f0, 0x018d25b4]
Event: 3.902 Thread 0x17a61c00  234             java.util.HashMap::clear (39 bytes)
Event: 3.902 Thread 0x17a61c00 nmethod 234 0x018d2708 code [0x018d2800, 0x018d28d0]
Event: 3.981 Thread 0x17a61c00  235             sun.java2d.pipe.Region::endRow (133 bytes)

GC Heap History (3 events):
Event: 1.061 GC heap before
{Heap before GC invocations=0 (full 0):
 def new generation   total 4928K, used 4416K [0x037d0000, 0x03d20000, 0x08d20000)
  eden space 4416K, 100% used [0x037d0000, 0x03c20000, 0x03c20000)
  from space 512K,   0% used [0x03c20000, 0x03c20000, 0x03ca0000)
  to   space 512K,   0% used [0x03ca0000, 0x03ca0000, 0x03d20000)
 tenured generation   total 10944K, used 0K [0x08d20000, 0x097d0000, 0x137d0000)
   the space 10944K,   0% used [0x08d20000, 0x08d20000, 0x08d20200, 0x097d0000)
 compacting perm gen  total 12288K, used 6401K [0x137d0000, 0x143d0000, 0x177d0000)
   the space 12288K,  52% used [0x137d0000, 0x13e10498, 0x13e10600, 0x143d0000)
No shared spaces configured.
Event: 1.077 GC heap after
Heap after GC invocations=1 (full 0):
 def new generation   total 4928K, used 512K [0x037d0000, 0x03d20000, 0x08d20000)
  eden space 4416K,   0% used [0x037d0000, 0x037d0000, 0x03c20000)
  from space 512K, 100% used [0x03ca0000, 0x03d20000, 0x03d20000)
  to   space 512K,   0% used [0x03c20000, 0x03c20000, 0x03ca0000)
 tenured generation   total 10944K, used 765K [0x08d20000, 0x097d0000, 0x137d0000)
   the space 10944K,   6% used [0x08d20000, 0x08ddf718, 0x08ddf800, 0x097d0000)
 compacting perm gen  total 12288K, used 6401K [0x137d0000, 0x143d0000, 0x177d0000)
   the space 12288K,  52% used [0x137d0000, 0x13e10498, 0x13e10600, 0x143d0000)
No shared spaces configured.
}
Event: 3.981 GC heap before
{Heap before GC invocations=1 (full 0):
 def new generation   total 4928K, used 4541K [0x037d0000, 0x03d20000, 0x08d20000)
  eden space 4416K,  91% used [0x037d0000, 0x03bbf6f8, 0x03c20000)
  from space 512K, 100% used [0x03ca0000, 0x03d20000, 0x03d20000)
  to   space 512K,   0% used [0x03c20000, 0x03c20000, 0x03ca0000)
 tenured generation   total 10944K, used 765K [0x08d20000, 0x097d0000, 0x137d0000)
   the space 10944K,   6% used [0x08d20000, 0x08ddf718, 0x08ddf800, 0x097d0000)
 compacting perm gen  total 12288K, used 9809K [0x137d0000, 0x143d0000, 0x177d0000)
   the space 12288K,  79% used [0x137d0000, 0x14164720, 0x14164800, 0x143d0000)
No shared spaces configured.

Deoptimization events (0 events):
No events

Internal exceptions (10 events):
Event: 3.646 Thread 0x17f50800 Threw 0x03b373e0 at C:\jdk7u2_32P\jdk7u25\hotspot\src\share\vm\prims\jvm.cpp:1235
Event: 3.647 Thread 0x17f50800 Threw 0x03b39900 at C:\jdk7u2_32P\jdk7u25\hotspot\src\share\vm\prims\jvm.cpp:1235
Event: 3.648 Thread 0x17f50800 Threw 0x03b421a0 at C:\jdk7u2_32P\jdk7u25\hotspot\src\share\vm\prims\jvm.cpp:1235
Event: 3.648 Thread 0x17f50800 Threw 0x03b44810 at C:\jdk7u2_32P\jdk7u25\hotspot\src\share\vm\prims\jvm.cpp:1235
Event: 3.650 Thread 0x17f50800 Threw 0x03b47688 at C:\jdk7u2_32P\jdk7u25\hotspot\src\share\vm\prims\jvm.cpp:1235
Event: 3.650 Thread 0x17f50800 Threw 0x03b49e00 at C:\jdk7u2_32P\jdk7u25\hotspot\src\share\vm\prims\jvm.cpp:1235
Event: 3.663 Thread 0x17f50800 Threw 0x03b515b8 at C:\jdk7u2_32P\jdk7u25\hotspot\src\share\vm\prims\jvm.cpp:1235
Event: 3.664 Thread 0x17f50800 Threw 0x03b53970 at C:\jdk7u2_32P\jdk7u25\hotspot\src\share\vm\prims\jvm.cpp:1235
Event: 3.665 Thread 0x17f50800 Threw 0x03b55d38 at C:\jdk7u2_32P\jdk7u25\hotspot\src\share\vm\prims\jvm.cpp:1235
Event: 3.668 Thread 0x17f50800 Threw 0x03b59be0 at C:\jdk7u2_32P\jdk7u25\hotspot\src\share\vm\prims\jvm.cpp:1235

Events (10 events):
Event: 3.934 loading class 0x17bc7020
Event: 3.934 loading class 0x17bc7020 done
Event: 3.934 loading class 0x17bc7110
Event: 3.935 loading class 0x17bc7110 done
Event: 3.935 loading class 0x17bca8f8 done
Event: 3.938 loading class 0x17bcaf88
Event: 3.938 loading class 0x17bcaf88 done
Event: 3.940 loading class 0x182f13c0
Event: 3.940 loading class 0x182f13c0 done
Event: 3.981 Executing VM operation: GenCollectForAllocation


Dynamic libraries:
0x013a0000 - 0x013cf000 	C:\Program Files\Java\jdk1.7.0_25\bin\java.exe
0x77020000 - 0x7715c000 	C:\Windows\SYSTEM32\ntdll.dll
0x76d10000 - 0x76de4000 	C:\Windows\system32\kernel32.dll
0x75220000 - 0x7526a000 	C:\Windows\system32\KERNELBASE.dll
0x76c00000 - 0x76ca0000 	C:\Windows\system32\ADVAPI32.dll
0x77180000 - 0x7722c000 	C:\Windows\system32\msvcrt.dll
0x76ca0000 - 0x76cb9000 	C:\Windows\SYSTEM32\sechost.dll
0x75500000 - 0x755a1000 	C:\Windows\system32\RPCRT4.dll
0x76df0000 - 0x76eb9000 	C:\Windows\system32\USER32.dll
0x762c0000 - 0x7630e000 	C:\Windows\system32\GDI32.dll
0x77170000 - 0x7717a000 	C:\Windows\system32\LPK.dll
0x76350000 - 0x763ed000 	C:\Windows\system32\USP10.dll
0x74100000 - 0x7429e000 	C:\Windows\WinSxS\x86_microsoft.windows.common-controls_6595b64144ccf1df_6.0.7600.16385_none_421189da2b7fabfc\COMCTL32.dll
0x75610000 - 0x75667000 	C:\Windows\system32\SHLWAPI.dll
0x77230000 - 0x7724f000 	C:\Windows\system32\IMM32.DLL
0x76f50000 - 0x7701c000 	C:\Windows\system32\MSCTF.dll
0x61e20000 - 0x61ede000 	C:\Program Files\Java\jdk1.7.0_25\jre\bin\msvcr100.dll
0x611d0000 - 0x61512000 	C:\Program Files\Java\jdk1.7.0_25\jre\bin\client\jvm.dll
0x71330000 - 0x71337000 	C:\Windows\system32\WSOCK32.dll
0x76310000 - 0x76345000 	C:\Windows\system32\WS2_32.dll
0x77160000 - 0x77166000 	C:\Windows\system32\NSI.dll
0x735c0000 - 0x735f2000 	C:\Windows\system32\WINMM.dll
0x768d0000 - 0x768d5000 	C:\Windows\system32\PSAPI.DLL
0x6c400000 - 0x6c40c000 	C:\Program Files\Java\jdk1.7.0_25\jre\bin\verify.dll
0x67790000 - 0x677b0000 	C:\Program Files\Java\jdk1.7.0_25\jre\bin\java.dll
0x6b2b0000 - 0x6b2c3000 	C:\Program Files\Java\jdk1.7.0_25\jre\bin\zip.dll
0x61820000 - 0x61964000 	C:\Program Files\Java\jdk1.7.0_25\jre\bin\awt.dll
0x76ec0000 - 0x76f4f000 	C:\Windows\system32\OLEAUT32.dll
0x76aa0000 - 0x76bfc000 	C:\Windows\system32\ole32.dll
0x73e50000 - 0x73e90000 	C:\Windows\system32\uxtheme.dll
0x73aa0000 - 0x73ab3000 	C:\Windows\system32\dwmapi.dll
0x750c0000 - 0x750cc000 	C:\Windows\system32\CRYPTBASE.dll
0x75670000 - 0x762b9000 	C:\Windows\system32\SHELL32.dll
0x617e0000 - 0x61811000 	C:\Program Files\Java\jdk1.7.0_25\jre\bin\fontmanager.dll
0x63250000 - 0x63264000 	C:\Program Files\Java\jdk1.7.0_25\jre\bin\net.dll
0x74bb0000 - 0x74bec000 	C:\Windows\system32\mswsock.dll
0x74ba0000 - 0x74ba6000 	C:\Windows\System32\wship6.dll
0x6ecf0000 - 0x6ecff000 	C:\Program Files\Java\jdk1.7.0_25\jre\bin\nio.dll
0x63de0000 - 0x63fa3000 	C:\Windows\system32\d3d9.dll
0x74670000 - 0x74679000 	C:\Windows\system32\VERSION.dll
0x63dd0000 - 0x63dd6000 	C:\Windows\system32\d3d8thk.dll
0x6e6e0000 - 0x6e766000 	C:\Windows\system32\aticfx32.dll
0x73960000 - 0x7396a000 	C:\Windows\system32\atiu9pag.dll
0x5f390000 - 0x5f76e000 	C:\Windows\system32\atiumdag.dll
0x5f030000 - 0x5f383000 	C:\Windows\system32\atiumdva.dll
0x617b0000 - 0x617e0000 	C:\Program Files\Java\jdk1.7.0_25\jre\bin\t2k.dll
0x75470000 - 0x754f3000 	C:\Windows\system32\CLBCatQ.DLL
0x739a0000 - 0x73a9b000 	C:\Windows\system32\WindowsCodecs.dll
0x75070000 - 0x750bb000 	C:\Windows\system32\apphelp.dll
0x6df90000 - 0x6e03e000 	C:\Program Files\AVAST Software\Avast\ashShell.dll
0x73cc0000 - 0x73e50000 	C:\Windows\WinSxS\x86_microsoft.windows.gdiplus_6595b64144ccf1df_1.1.7600.16385_none_72fc7cbf861225ca\gdiplus.dll
0x75170000 - 0x7517b000 	C:\Windows\system32\profapi.dll
0x6dca0000 - 0x6dee0000 	C:\Windows\system32\msi.dll
0x6dc60000 - 0x6dc91000 	C:\Windows\system32\EhStorShell.dll
0x76500000 - 0x7669d000 	C:\Windows\system32\SETUPAPI.dll
0x751f0000 - 0x75217000 	C:\Windows\system32\CFGMGR32.dll
0x75270000 - 0x75282000 	C:\Windows\system32\DEVOBJ.dll
0x73e90000 - 0x73f85000 	C:\Windows\system32\PROPSYS.dll
0x6dc30000 - 0x6dc37000 	C:\Program Files\Internet Download Manager\IDMShellExt.dll
0x6dba0000 - 0x6dc0a000 	C:\Windows\System32\cscui.dll
0x6db90000 - 0x6db99000 	C:\Windows\System32\CSCDLL.dll
0x6f0f0000 - 0x6f0fb000 	C:\Windows\system32\CSCAPI.dll
0x6d8b0000 - 0x6d91f000 	C:\Windows\system32\ntshrui.dll
0x74d90000 - 0x74da9000 	C:\Windows\system32\srvcli.dll
0x73450000 - 0x7345a000 	C:\Windows\system32\slc.dll
0x6f6a0000 - 0x6f78b000 	C:\Windows\system32\dbghelp.dll

VM Arguments:
jvm_args: -Dfile.encoding=UTF-8 
java_command: serviceportal.ServicePortalApp
Launcher Type: SUN_STANDARD

Environment Variables:
PATH=C:\oraclexe\app\oracle\product\11.2.0\server\bin;;C:\Windows\system32;C:\Windows;C:\Windows\System32\Wbem;C:\Windows\System32\WindowsPowerShell\v1.0\;C:\Program Files\ATI Technologies\ATI.ACE\Core-Static
USERNAME=sgjohn
OS=Windows_NT
PROCESSOR_IDENTIFIER=x86 Family 6 Model 15 Stepping 2, GenuineIntel



---------------  S Y S T E M  ---------------

OS: Windows 7 Build 7600 

CPU:total 2 (2 cores per cpu, 1 threads per core) family 6 model 15 stepping 2, cmov, cx8, fxsr, mmx, sse, sse2, sse3, ssse3, tsc

Memory: 4k page, physical 1572084k(667064k free), swap 3144168k(1246300k free)

vm_info: Java HotSpot(TM) Client VM (23.25-b01) for windows-x86 JRE (1.7.0_25-b17), built on Jun 21 2013 13:06:48 by "java_re" with unknown MS VC++:1600

time: Wed Aug 19 13:00:00 2015
elapsed time: 4 seconds

